<?xml version="1.0" encoding="UTF-8"?>
<!-- Generated by org.testng.reporters.JUnitXMLReporter -->
<testsuite ignored="0" hostname="DESKTOP-3LQ9VJ5" failures="0" tests="3" name="Test1" time="16.844" errors="0" timestamp="2023-12-05T22:15:17 IST">
  <testcase classname="testcase.Register" name="verifyRegisterErrorMessages" time="1.219"/>
  <testcase classname="testcase.Register" name="NewRegistrationFlow" time="1.868"/>
  <testcase classname="testcase.Register" name="LoginFlow" time="1.232"/>
</testsuite> <!-- Test1 -->
