<?xml version="1.0" encoding="UTF-8"?>
<testng-results ignored="0" total="3" passed="3" failed="0" skipped="0">
  <reporter-output>
  </reporter-output>
  <suite started-at="2023-12-05T22:15:00 IST" name="Suite1" finished-at="2023-12-05T22:15:17 IST" duration-ms="16844">
    <groups>
    </groups>
    <test started-at="2023-12-05T22:15:00 IST" name="Test1" finished-at="2023-12-05T22:15:17 IST" duration-ms="16844">
      <class name="utilities.TestUtils">
        <test-method is-config="true" signature="InitExentReport()[pri:0, instance:utilities.TestUtils@1e6a3214]" started-at="2023-12-05T22:14:59 IST" name="InitExentReport" finished-at="2023-12-05T22:15:00 IST" duration-ms="394" status="PASS">
          <reporter-output>
          </reporter-output>
        </test-method> <!-- InitExentReport -->
        <test-method is-config="true" signature="generateReports()[pri:0, instance:utilities.TestUtils@1e6a3214]" started-at="2023-12-05T22:15:17 IST" name="generateReports" finished-at="2023-12-05T22:15:18 IST" duration-ms="874" status="PASS">
          <reporter-output>
          </reporter-output>
        </test-method> <!-- generateReports -->
      </class> <!-- utilities.TestUtils -->
      <class name="testcase.Register">
        <test-method is-config="true" signature="setUp()[pri:0, instance:testcase.Register@3646a422]" started-at="2023-12-05T22:15:00 IST" name="setUp" finished-at="2023-12-05T22:15:05 IST" duration-ms="5350" status="PASS">
          <reporter-output>
          </reporter-output>
        </test-method> <!-- setUp -->
        <test-method signature="verifyRegisterErrorMessages()[pri:1, instance:testcase.Register@3646a422]" started-at="2023-12-05T22:15:05 IST" name="verifyRegisterErrorMessages" finished-at="2023-12-05T22:15:06 IST" duration-ms="1219" status="PASS">
          <reporter-output>
          </reporter-output>
        </test-method> <!-- verifyRegisterErrorMessages -->
        <test-method is-config="true" signature="afterTest()[pri:0, instance:testcase.Register@3646a422]" started-at="2023-12-05T22:15:06 IST" name="afterTest" finished-at="2023-12-05T22:15:07 IST" duration-ms="349" status="PASS">
          <reporter-output>
          </reporter-output>
        </test-method> <!-- afterTest -->
        <test-method is-config="true" signature="setUp()[pri:0, instance:testcase.Register@3646a422]" started-at="2023-12-05T22:15:07 IST" name="setUp" finished-at="2023-12-05T22:15:10 IST" duration-ms="2943" status="PASS">
          <reporter-output>
          </reporter-output>
        </test-method> <!-- setUp -->
        <test-method signature="NewRegistrationFlow()[pri:2, instance:testcase.Register@3646a422]" started-at="2023-12-05T22:15:10 IST" name="NewRegistrationFlow" finished-at="2023-12-05T22:15:12 IST" duration-ms="1868" status="PASS">
          <reporter-output>
          </reporter-output>
        </test-method> <!-- NewRegistrationFlow -->
        <test-method is-config="true" signature="afterTest()[pri:0, instance:testcase.Register@3646a422]" started-at="2023-12-05T22:15:12 IST" name="afterTest" finished-at="2023-12-05T22:15:12 IST" duration-ms="315" status="PASS">
          <reporter-output>
          </reporter-output>
        </test-method> <!-- afterTest -->
        <test-method is-config="true" signature="setUp()[pri:0, instance:testcase.Register@3646a422]" started-at="2023-12-05T22:15:12 IST" name="setUp" finished-at="2023-12-05T22:15:15 IST" duration-ms="3211" status="PASS">
          <reporter-output>
          </reporter-output>
        </test-method> <!-- setUp -->
        <test-method signature="LoginFlow()[pri:3, instance:testcase.Register@3646a422]" started-at="2023-12-05T22:15:15 IST" name="LoginFlow" finished-at="2023-12-05T22:15:16 IST" duration-ms="1232" status="PASS">
          <reporter-output>
          </reporter-output>
        </test-method> <!-- LoginFlow -->
        <test-method is-config="true" signature="afterTest()[pri:0, instance:testcase.Register@3646a422]" started-at="2023-12-05T22:15:16 IST" name="afterTest" finished-at="2023-12-05T22:15:17 IST" duration-ms="307" status="PASS">
          <reporter-output>
          </reporter-output>
        </test-method> <!-- afterTest -->
      </class> <!-- testcase.Register -->
    </test> <!-- Test1 -->
  </suite> <!-- Suite1 -->
</testng-results>
